<?xml version="1.0" encoding="UTF-8"?>
<databaseChangeLog
	xmlns="http://www.liquibase.org/xml/ns/dbchangelog"
	xmlns:xsi="http://www.w3.org/2001/XMLSchema-instance"
	xsi:schemaLocation="http://www.liquibase.org/xml/ns/dbchangelog
		http://www.liquibase.org/xml/ns/dbchangelog/dbchangelog-3.1.xsd">
	
	<include file="test-data/transaction_participants.xml" relativeToChangelogFile="true" />
	
	<!-- Depends on: series_import_request_statuses, users -->
	<include file="test-data/series_import_requests.xml" relativeToChangelogFile="true" />
	
	<!-- Depends on: series_import_requests, categories -->
	<include file="test-data/series_import_parsed_data.xml" relativeToChangelogFile="true" />
	
	<!-- Depends on: series_import_requests -->
	<include file="test-data/series_import_parsed_image_urls.xml" relativeToChangelogFile="true" />
	
	<!-- Depends on: series_import_requests, transaction_participants -->
	<include file="test-data/series_sales_import_parsed_data.xml" relativeToChangelogFile="true" />
	
	<!-- Depends on: collections, series -->
	<include file="test-data/collections_series.xml" relativeToChangelogFile="true" />
	
</databaseChangeLog>
